flutter/build/app/intermediates/manifest_merge_blame_file/release/manifest-merger-blame-release-report.txt
1<?xml version="1.0" encoding="utf-8"?>
2<manifest xmlns:android="http://schemas.android.com/apk/res/android"
3    package="com.example.alarm_test"
4    android:versionCode="1"
5    android:versionName="1.0.0" >
6
7    <uses-sdk
8        android:minSdkVersion="16"
8-->src/main/AndroidManifest.xml
9        android:targetSdkVersion="29" />
9-->src/main/AndroidManifest.xml
10
11    <uses-permission android:name="android.permission.INTERNET" />
11-->src/main/AndroidManifest.xml:3:5-66
11-->src/main/AndroidManifest.xml:3:22-64
12    <uses-permission android:name="android.permission.RECEIVE_BOOT_COMPLETED" />
12-->src/main/AndroidManifest.xml:4:5-80
12-->src/main/AndroidManifest.xml:4:22-78
13    <uses-permission android:name="android.permission.VIBRATE" />
13-->src/main/AndroidManifest.xml:5:5-65
13-->src/main/AndroidManifest.xml:5:22-63
14    <uses-permission android:name="android.permission.USE_FULL_SCREEN_INTENT" />
14-->[:flutter_local_notifications] AndroidManifest.xml:9:5-81
14-->[:flutter_local_notifications] AndroidManifest.xml:9:22-78
15    <!--
16 io.flutter.app.FlutterApplication is an android.app.Application that
17         calls FlutterMain.startInitialization(this); in its onCreate method.
18         In most cases you can leave this as-is, but you if you want to provide
19         additional functionality it is fine to subclass or reimplement
20         FlutterApplication and put your custom class here.
21    -->
22    <application
22-->src/main/AndroidManifest.xml:11:5-49:19
23        android:name="io.flutter.app.FlutterApplication"
23-->src/main/AndroidManifest.xml:12:9-57
24        android:appComponentFactory="androidx.core.app.CoreComponentFactory"
24-->[androidx.core:core:1.3.0] AndroidManifest.xml:24:18-86
25        android:icon="@mipmap/ic_launcher"
25-->src/main/AndroidManifest.xml:14:9-43
26        android:label="alarm_test" >
26-->src/main/AndroidManifest.xml:13:9-35
27        <activity
27-->src/main/AndroidManifest.xml:15:9-43:20
28            android:name="com.example.alarm_test.MainActivity"
28-->src/main/AndroidManifest.xml:16:13-41
29            android:configChanges="orientation|keyboardHidden|keyboard|screenSize|smallestScreenSize|locale|layoutDirection|fontScale|screenLayout|density|uiMode"
29-->src/main/AndroidManifest.xml:19:13-163
30            android:hardwareAccelerated="true"
30-->src/main/AndroidManifest.xml:20:13-47
31            android:launchMode="singleTop"
31-->src/main/AndroidManifest.xml:17:13-43
32            android:theme="@style/LaunchTheme"
32-->src/main/AndroidManifest.xml:18:13-47
33            android:windowSoftInputMode="adjustResize" >
33-->src/main/AndroidManifest.xml:21:13-55
34
35            <!--
36                 Specifies an Android theme to apply to this Activity as soon as
37                 the Android process has started. This theme is visible to the user
38                 while the Flutter UI initializes. After that, this theme continues
39                 to determine the Window background behind the Flutter UI.
40            -->
41            <meta-data
41-->src/main/AndroidManifest.xml:26:13-29:17
42                android:name="io.flutter.embedding.android.NormalTheme"
42-->src/main/AndroidManifest.xml:27:15-70
43                android:resource="@style/NormalTheme" />
43-->src/main/AndroidManifest.xml:28:15-52
44            <!--
45                 Displays an Android View that continues showing the launch screen
46                 Drawable until Flutter paints its first frame, then this splash
47                 screen fades out. A splash screen is useful to avoid any visual
48                 gap between the end of Android's launch screen and the painting of
49                 Flutter's first frame.
50            -->
51            <meta-data
51-->src/main/AndroidManifest.xml:35:13-38:17
52                android:name="io.flutter.embedding.android.SplashScreenDrawable"
52-->src/main/AndroidManifest.xml:36:15-79
53                android:resource="@drawable/launch_background" />
53-->src/main/AndroidManifest.xml:37:15-61
54
55            <intent-filter>
55-->src/main/AndroidManifest.xml:39:13-42:29
56                <action android:name="android.intent.action.MAIN" />
56-->src/main/AndroidManifest.xml:40:17-68
56-->src/main/AndroidManifest.xml:40:25-66
57
58                <category android:name="android.intent.category.LAUNCHER" />
58-->src/main/AndroidManifest.xml:41:17-76
58-->src/main/AndroidManifest.xml:41:27-74
59            </intent-filter>
60        </activity>
61        <!--
62             Don't delete the meta-data below.
63             This is used by the Flutter tool to generate GeneratedPluginRegistrant.java
64        -->
65        <meta-data
65-->src/main/AndroidManifest.xml:46:9-48:33
66            android:name="flutterEmbedding"
66-->src/main/AndroidManifest.xml:47:13-44
67            android:value="2" />
67-->src/main/AndroidManifest.xml:48:13-30
68
69        <receiver android:name="com.dexterous.flutterlocalnotifications.ScheduledNotificationReceiver" />
69-->[:flutter_local_notifications] AndroidManifest.xml:12:9-106
69-->[:flutter_local_notifications] AndroidManifest.xml:12:19-103
70        <receiver android:name="com.dexterous.flutterlocalnotifications.ScheduledNotificationBootReceiver" >
70-->[:flutter_local_notifications] AndroidManifest.xml:13:9-20:20
70-->[:flutter_local_notifications] AndroidManifest.xml:13:19-107
71            <intent-filter>
71-->[:flutter_local_notifications] AndroidManifest.xml:14:13-19:29
72                <action android:name="android.intent.action.BOOT_COMPLETED" />
72-->[:flutter_local_notifications] AndroidManifest.xml:15:17-79
72-->[:flutter_local_notifications] AndroidManifest.xml:15:25-76
73                <action android:name="android.intent.action.MY_PACKAGE_REPLACED" />
73-->[:flutter_local_notifications] AndroidManifest.xml:16:17-84
73-->[:flutter_local_notifications] AndroidManifest.xml:16:25-81
74                <action android:name="android.intent.action.QUICKBOOT_POWERON" />
74-->[:flutter_local_notifications] AndroidManifest.xml:17:17-82
74-->[:flutter_local_notifications] AndroidManifest.xml:17:25-79
75                <action android:name="com.htc.intent.action.QUICKBOOT_POWERON" />
75-->[:flutter_local_notifications] AndroidManifest.xml:18:17-82
75-->[:flutter_local_notifications] AndroidManifest.xml:18:25-79
76            </intent-filter>
77        </receiver>
78    </application>
79
80</manifest>